0 info it worked if it ends with ok
1 verbose cli [ '/usr/bin/node', '/usr/bin/npm', 'install', '-g', 'plugman' ]
2 info using npm@1.4.28
3 info using node@v0.10.40
4 verbose node symlink /usr/bin/node
5 verbose cache add [ 'plugman', null ]
6 verbose cache add name=undefined spec="plugman" args=["plugman",null]
7 verbose parsed url { protocol: null,
7 verbose parsed url   slashes: null,
7 verbose parsed url   auth: null,
7 verbose parsed url   host: null,
7 verbose parsed url   port: null,
7 verbose parsed url   hostname: null,
7 verbose parsed url   hash: null,
7 verbose parsed url   search: null,
7 verbose parsed url   query: null,
7 verbose parsed url   pathname: 'plugman',
7 verbose parsed url   path: 'plugman',
7 verbose parsed url   href: 'plugman' }
8 silly lockFile 3c17847d-plugman plugman
9 verbose lock plugman /home/reku/.npm/3c17847d-plugman.lock
10 silly lockFile 3c17847d-plugman plugman
11 silly lockFile 3c17847d-plugman plugman
12 verbose addNamed [ 'plugman', '' ]
13 verbose addNamed [ null, '*' ]
14 silly lockFile 9ad59204-plugman plugman@
15 verbose lock plugman@ /home/reku/.npm/9ad59204-plugman.lock
16 silly addNameRange { name: 'plugman', range: '*', hasData: false }
17 verbose request where is /plugman
18 verbose request registry https://registry.npmjs.org/
19 verbose request id 37077cd7a89bd39a
20 verbose url raw /plugman
21 verbose url resolving [ 'https://registry.npmjs.org/', './plugman' ]
22 verbose url resolved https://registry.npmjs.org/plugman
23 verbose request where is https://registry.npmjs.org/plugman
24 info trying registry request attempt 1 at 14:45:30
25 verbose etag "DG9N77IME985ATS5MC5GRGJ7H"
26 http GET https://registry.npmjs.org/plugman
27 http 304 https://registry.npmjs.org/plugman
28 silly registry.get cb [ 304,
28 silly registry.get   { date: 'Fri, 28 Aug 2015 09:15:47 GMT',
28 silly registry.get     via: '1.1 varnish',
28 silly registry.get     'cache-control': 'max-age=60',
28 silly registry.get     etag: '"DG9N77IME985ATS5MC5GRGJ7H"',
28 silly registry.get     age: '58',
28 silly registry.get     connection: 'keep-alive',
28 silly registry.get     'x-served-by': 'cache-sin6926-SIN',
28 silly registry.get     'x-cache': 'HIT',
28 silly registry.get     'x-cache-hits': '1',
28 silly registry.get     'x-timer': 'S1440753347.483091,VS0,VE0',
28 silly registry.get     vary: 'Accept' } ]
29 verbose etag https://registry.npmjs.org/plugman from cache
30 silly addNameRange number 2 { name: 'plugman', range: '*', hasData: true }
31 silly addNameRange versions [ 'plugman',
31 silly addNameRange   [ '0.5.6',
31 silly addNameRange     '0.5.7',
31 silly addNameRange     '0.5.8',
31 silly addNameRange     '0.5.9',
31 silly addNameRange     '0.6.0',
31 silly addNameRange     '0.6.1',
31 silly addNameRange     '0.6.2',
31 silly addNameRange     '0.6.3',
31 silly addNameRange     '0.7.0',
31 silly addNameRange     '0.7.1',
31 silly addNameRange     '0.7.2',
31 silly addNameRange     '0.7.3',
31 silly addNameRange     '0.7.4',
31 silly addNameRange     '0.7.5',
31 silly addNameRange     '0.7.6',
31 silly addNameRange     '0.7.7',
31 silly addNameRange     '0.7.8',
31 silly addNameRange     '0.7.9',
31 silly addNameRange     '0.7.10',
31 silly addNameRange     '0.7.11',
31 silly addNameRange     '0.7.12',
31 silly addNameRange     '0.7.13',
31 silly addNameRange     '0.7.14',
31 silly addNameRange     '0.8.0',
31 silly addNameRange     '0.8.1',
31 silly addNameRange     '0.8.2',
31 silly addNameRange     '0.9.0',
31 silly addNameRange     '0.9.1',
31 silly addNameRange     '0.9.2',
31 silly addNameRange     '0.9.3',
31 silly addNameRange     '0.9.4',
31 silly addNameRange     '0.9.5',
31 silly addNameRange     '0.9.6',
31 silly addNameRange     '0.9.7',
31 silly addNameRange     '0.9.8',
31 silly addNameRange     '0.9.9',
31 silly addNameRange     '0.9.10',
31 silly addNameRange     '0.9.11',
31 silly addNameRange     '0.9.20',
31 silly addNameRange     '0.9.21',
31 silly addNameRange     '0.9.22',
31 silly addNameRange     '0.9.23',
31 silly addNameRange     '0.10.0',
31 silly addNameRange     '0.10.1',
31 silly addNameRange     '0.11.0',
31 silly addNameRange     '0.12.0',
31 silly addNameRange     '0.13.0',
31 silly addNameRange     '0.14.0',
31 silly addNameRange     '0.15.0',
31 silly addNameRange     '0.16.0',
31 silly addNameRange     '0.17.0',
31 silly addNameRange     '0.18.0',
31 silly addNameRange     '0.19.0',
31 silly addNameRange     '0.20.0',
31 silly addNameRange     '0.20.1',
31 silly addNameRange     '0.20.2',
31 silly addNameRange     '0.21.0',
31 silly addNameRange     '0.22.0',
31 silly addNameRange     '0.22.1',
31 silly addNameRange     '0.22.2',
31 silly addNameRange     '0.22.4',
31 silly addNameRange     '0.22.5',
31 silly addNameRange     '0.22.6',
31 silly addNameRange     '0.22.7',
31 silly addNameRange     '0.22.8',
31 silly addNameRange     '0.22.9',
31 silly addNameRange     '0.22.10',
31 silly addNameRange     '0.22.11',
31 silly addNameRange     '0.22.12',
31 silly addNameRange     '0.22.14',
31 silly addNameRange     '0.22.15',
31 silly addNameRange     '0.22.16',
31 silly addNameRange     '0.22.17',
31 silly addNameRange     '0.23.0',
31 silly addNameRange     '0.23.1',
31 silly addNameRange     '0.23.3',
31 silly addNameRange     '1.0.0' ] ]
32 verbose addNamed [ 'plugman', '1.0.0' ]
33 verbose addNamed [ '1.0.0', '1.0.0' ]
34 silly lockFile efec82e8-plugman-1-0-0 plugman@1.0.0
35 verbose lock plugman@1.0.0 /home/reku/.npm/efec82e8-plugman-1-0-0.lock
36 silly lockFile efec82e8-plugman-1-0-0 plugman@1.0.0
37 silly lockFile efec82e8-plugman-1-0-0 plugman@1.0.0
38 silly lockFile 9ad59204-plugman plugman@
39 silly lockFile 9ad59204-plugman plugman@
40 silly resolved [ { author: { name: 'Andrew Lunny', email: 'alunny@gmail.com' },
40 silly resolved     name: 'plugman',
40 silly resolved     description: 'install/uninstall Cordova plugins',
40 silly resolved     version: '1.0.0',
40 silly resolved     repository:
40 silly resolved      { type: 'git',
40 silly resolved        url: 'git://git-wip-us.apache.org/repos/asf/cordova-plugman.git' },
40 silly resolved     bugs:
40 silly resolved      { url: 'https://issues.apache.org/jira/browse/CB',
40 silly resolved        email: 'dev@cordova.apache.org' },
40 silly resolved     main: 'plugman.js',
40 silly resolved     engines: { node: '>=0.9.9' },
40 silly resolved     engineStrict: true,
40 silly resolved     dependencies: { 'cordova-lib': '5.2.0', nopt: '1.0.9', q: '1.0.1' },
40 silly resolved     devDependencies: { jshint: '2.5.8', 'jasmine-node': '1.14.5' },
40 silly resolved     bin: { plugman: './main.js' },
40 silly resolved     scripts:
40 silly resolved      { test: 'npm run jasmine && npm run jshint',
40 silly resolved        jshint: 'node node_modules/jshint/bin/jshint src',
40 silly resolved        jasmine: 'jasmine-node --captureExceptions --color spec' },
40 silly resolved     contributors:
40 silly resolved      [ [Object],
40 silly resolved        [Object],
40 silly resolved        [Object],
40 silly resolved        [Object],
40 silly resolved        [Object],
40 silly resolved        [Object],
40 silly resolved        [Object],
40 silly resolved        [Object],
40 silly resolved        [Object],
40 silly resolved        [Object],
40 silly resolved        [Object] ],
40 silly resolved     _id: 'plugman@1.0.0',
40 silly resolved     _shasum: 'bff64490ea9e78868e824976dd722334f1f37be8',
40 silly resolved     _resolved: 'https://registry.npmjs.org/plugman/-/plugman-1.0.0.tgz',
40 silly resolved     _from: 'plugman@',
40 silly resolved     _npmVersion: '2.13.2',
40 silly resolved     _nodeVersion: '0.10.36',
40 silly resolved     _npmUser: { name: 'stevegill', email: 'stevengill97@gmail.com' },
40 silly resolved     dist:
40 silly resolved      { shasum: 'bff64490ea9e78868e824976dd722334f1f37be8',
40 silly resolved        tarball: 'http://registry.npmjs.org/plugman/-/plugman-1.0.0.tgz' },
40 silly resolved     maintainers:
40 silly resolved      [ [Object],
40 silly resolved        [Object],
40 silly resolved        [Object],
40 silly resolved        [Object],
40 silly resolved        [Object],
40 silly resolved        [Object],
40 silly resolved        [Object],
40 silly resolved        [Object],
40 silly resolved        [Object],
40 silly resolved        [Object],
40 silly resolved        [Object],
40 silly resolved        [Object],
40 silly resolved        [Object] ],
40 silly resolved     directories: {},
40 silly resolved     readme: 'ERROR: No README data found!' } ]
41 info install plugman@1.0.0 into /usr/lib
42 info installOne plugman@1.0.0
43 verbose lib/node_modules/plugman unbuild
44 verbose tar unpack /home/reku/.npm/plugman/1.0.0/package.tgz
45 silly lockFile 5cfb68f1-tar-usr-lib-node-modules-plugman tar:///usr/lib/node_modules/plugman
46 verbose lock tar:///usr/lib/node_modules/plugman /home/reku/.npm/5cfb68f1-tar-usr-lib-node-modules-plugman.lock
47 silly lockFile bfa057ac-ku-npm-plugman-1-0-0-package-tgz tar:///home/reku/.npm/plugman/1.0.0/package.tgz
48 verbose lock tar:///home/reku/.npm/plugman/1.0.0/package.tgz /home/reku/.npm/bfa057ac-ku-npm-plugman-1-0-0-package-tgz.lock
49 silly gunzTarPerm modes [ '775', '664' ]
50 error Error: EACCES, mkdir '/usr/lib/node_modules/plugman'
50 error  { [Error: EACCES, mkdir '/usr/lib/node_modules/plugman']
50 error   errno: 3,
50 error   code: 'EACCES',
50 error   path: '/usr/lib/node_modules/plugman',
50 error   fstream_type: 'Directory',
50 error   fstream_path: '/usr/lib/node_modules/plugman',
50 error   fstream_class: 'DirWriter',
50 error   fstream_stack:
50 error    [ '/usr/lib/node_modules/npm/node_modules/fstream/lib/dir-writer.js:36:23',
50 error      '/usr/lib/node_modules/npm/node_modules/mkdirp/index.js:46:53',
50 error      'Object.oncomplete (fs.js:108:15)' ] }
51 error Please try running this command again as root/Administrator.
52 error System Linux 3.19.0-26-generic
53 error command "/usr/bin/node" "/usr/bin/npm" "install" "-g" "plugman"
54 error cwd /home/reku/bitbucket/motobite-plugin-background
55 error node -v v0.10.40
56 error npm -v 1.4.28
57 error path /usr/lib/node_modules/plugman
58 error fstream_path /usr/lib/node_modules/plugman
59 error fstream_type Directory
60 error fstream_class DirWriter
61 error code EACCES
62 error errno 3
63 error stack Error: EACCES, mkdir '/usr/lib/node_modules/plugman'
64 error fstream_stack /usr/lib/node_modules/npm/node_modules/fstream/lib/dir-writer.js:36:23
64 error fstream_stack /usr/lib/node_modules/npm/node_modules/mkdirp/index.js:46:53
64 error fstream_stack Object.oncomplete (fs.js:108:15)
65 verbose exit [ 3, true ]
